<?xml version="1.0" encoding="UTF-8"?>
<!-- Generated by org.testng.reporters.JUnitReportReporter -->
<testsuite hostname="QASudeep" failures="0" tests="5" name="parallel.parallelScenariosRunner" time="123.321" errors="0" timestamp="05 Apr 2024 12:11:06 GMT" skipped="0">
  <testcase classname="parallel.parallelScenariosRunner" name="runScenario" time="14.452"/>
  <testcase classname="parallel.parallelScenariosRunner" name="runScenario" time="14.503"/>
  <testcase classname="parallel.parallelScenariosRunner" name="runScenario" time="14.272"/>
  <testcase classname="parallel.parallelScenariosRunner" name="runScenario" time="65.906"/>
  <testcase classname="parallel.parallelScenariosRunner" name="runScenario" time="14.188"/>
</testsuite> <!-- parallel.parallelScenariosRunner -->
